[    0.000000] Linux version 4.15.0-212-generic (buildd@lcy02-amd64-083) (gcc version 7.5.0 (Ubuntu 7.5.0-3ubuntu1~18.04)) #223-Ubuntu SMP Tue May 23 13:09:22 UTC 2023 (Ubuntu 4.15.0-212.223-generic 4.15.18)
[    0.000000] Command line: BOOT_IMAGE=/boot/vmlinuz-4.15.0-212-generic root=LABEL=cloudimg-rootfs ro console=tty1 console=ttyS0
[    0.000000] KERNEL supported cpus:
[    0.000000]   Intel GenuineIntel
[    0.000000]   AMD AuthenticAMD
[    0.000000]   Centaur CentaurHauls
[    0.000000] x86/fpu: Supporting XSAVE feature 0x001: 'x87 floating point registers'
[    0.000000] x86/fpu: Supporting XSAVE feature 0x002: 'SSE registers'
[    0.000000] x86/fpu: Supporting XSAVE feature 0x004: 'AVX registers'
[    0.000000] x86/fpu: xstate_offset[2]:  576, xstate_sizes[2]:  256
[    0.000000] x86/fpu: Enabled xstate features 0x7, context size is 832 bytes, using 'standard' format.
[    0.000000] e820: BIOS-provided physical RAM map:
[    0.000000] BIOS-e820: [mem 0x0000000000000000-0x000000000009fbff] usable
[    0.000000] BIOS-e820: [mem 0x000000000009fc00-0x000000000009ffff] reserved
[    0.000000] BIOS-e820: [mem 0x00000000000f0000-0x00000000000fffff] reserved
[    0.000000] BIOS-e820: [mem 0x0000000000100000-0x000000003ffeffff] usable
[    0.000000] BIOS-e820: [mem 0x000000003fff0000-0x000000003fffffff] ACPI data
[    0.000000] BIOS-e820: [mem 0x00000000fec00000-0x00000000fec00fff] reserved
[    0.000000] BIOS-e820: [mem 0x00000000fee00000-0x00000000fee00fff] reserved
[    0.000000] BIOS-e820: [mem 0x00000000fffc0000-0x00000000ffffffff] reserved
[    0.000000] NX (Execute Disable) protection: active
[    0.000000] SMBIOS 2.5 present.
[    0.000000] DMI: innotek GmbH VirtualBox/VirtualBox, BIOS VirtualBox 12/01/2006
[    0.000000] Hypervisor detected: KVM
[    0.000000] e820: last_pfn = 0x3fff0 max_arch_pfn = 0x400000000
[    0.000000] MTRR: Disabled
[    0.000000] x86/PAT: MTRRs disabled, skipping PAT initialization too.
[    0.000000] CPU MTRRs all blank - virtualized system.
[    0.000000] x86/PAT: Configuration [0-7]: WB  WT  UC- UC  WB  WT  UC- UC  
[    0.000000] found SMP MP-table at [mem 0x0009fff0-0x0009ffff]
[    0.000000] Scanning 1 areas for low memory corruption
[    0.000000] RAMDISK: [mem 0x359cb000-0x36cdcfff]
[    0.000000] ACPI: Early table checksum verification disabled
[    0.000000] ACPI: RSDP 0x00000000000E0000 000024 (v02 VBOX  )
[    0.000000] ACPI: XSDT 0x000000003FFF0030 00003C (v01 VBOX   VBOXXSDT 00000001 ASL  00000061)
[    0.000000] ACPI: FACP 0x000000003FFF00F0 0000F4 (v04 VBOX   VBOXFACP 00000001 ASL  00000061)
[    0.000000] ACPI: DSDT 0x000000003FFF0610 002353 (v02 VBOX   VBOXBIOS 00000002 INTL 20100528)
[    0.000000] ACPI: FACS 0x000000003FFF0200 000040
[    0.000000] ACPI: FACS 0x000000003FFF0200 000040
[    0.000000] ACPI: APIC 0x000000003FFF0240 00005C (v02 VBOX   VBOXAPIC 00000001 ASL  00000061)
[    0.000000] ACPI: SSDT 0x000000003FFF02A0 00036C (v01 VBOX   VBOXCPUT 00000002 INTL 20100528)
[    0.000000] ACPI: Reserving FACP table memory at [mem 0x3fff00f0-0x3fff01e3]
[    0.000000] ACPI: Reserving DSDT table memory at [mem 0x3fff0610-0x3fff2962]
[    0.000000] ACPI: Reserving FACS table memory at [mem 0x3fff0200-0x3fff023f]
[    0.000000] ACPI: Reserving FACS table memory at [mem 0x3fff0200-0x3fff023f]
[    0.000000] ACPI: Reserving APIC table memory at [mem 0x3fff0240-0x3fff029b]
[    0.000000] ACPI: Reserving SSDT table memory at [mem 0x3fff02a0-0x3fff060b]
[    0.000000] No NUMA configuration found
[    0.000000] Faking a node at [mem 0x0000000000000000-0x000000003ffeffff]
[    0.000000] NODE_DATA(0) allocated [mem 0x3ffc5000-0x3ffeffff]
[    0.000000] kvm-clock: cpu 0, msr 0:3ff44001, primary cpu clock
[    0.000000] kvm-clock: Using msrs 4b564d01 and 4b564d00
[    0.000000] kvm-clock: using sched offset of 3397652827 cycles
[    0.000000] clocksource: kvm-clock: mask: 0xffffffffffffffff max_cycles: 0x1cd42e4dffb, max_idle_ns: 881590591483 ns
[    0.000000] Zone ranges:
[    0.000000]   DMA      [mem 0x0000000000001000-0x0000000000ffffff]
[    0.000000]   DMA32    [mem 0x0000000001000000-0x000000003ffeffff]
[    0.000000]   Normal   empty
[    0.000000]   Device   empty
[    0.000000] Movable zone start for each node
[    0.000000] Early memory node ranges
[    0.000000]   node   0: [mem 0x0000000000001000-0x000000000009efff]
[    0.000000]   node   0: [mem 0x0000000000100000-0x000000003ffeffff]
[    0.000000] Reserved but unavailable: 104 pages
[    0.000000] Initmem setup node 0 [mem 0x0000000000001000-0x000000003ffeffff]
[    0.000000] ACPI: PM-Timer IO Port: 0x4008
[    0.000000] IOAPIC[0]: apic_id 2, version 32, address 0xfec00000, GSI 0-23
[    0.000000] ACPI: INT_SRC_OVR (bus 0 bus_irq 0 global_irq 2 dfl dfl)
[    0.000000] ACPI: INT_SRC_OVR (bus 0 bus_irq 9 global_irq 9 low level)
[    0.000000] Using ACPI (MADT) for SMP configuration information
[    0.000000] smpboot: Allowing 2 CPUs, 0 hotplug CPUs
[    0.000000] PM: Registered nosave memory: [mem 0x00000000-0x00000fff]
[    0.000000] PM: Registered nosave memory: [mem 0x0009f000-0x0009ffff]
[    0.000000] PM: Registered nosave memory: [mem 0x000a0000-0x000effff]
[    0.000000] PM: Registered nosave memory: [mem 0x000f0000-0x000fffff]
[    0.000000] e820: [mem 0x40000000-0xfebfffff] available for PCI devices
[    0.000000] Booting paravirtualized kernel on KVM
[    0.000000] clocksource: refined-jiffies: mask: 0xffffffff max_cycles: 0xffffffff, max_idle_ns: 7645519600211568 ns
[    0.000000] setup_percpu: NR_CPUS:8192 nr_cpumask_bits:2 nr_cpu_ids:2 nr_node_ids:1
[    0.000000] percpu: Embedded 50 pages/cpu s167936 r8192 d28672 u1048576
[    0.000000] PV qspinlock hash table entries: 256 (order: 0, 4096 bytes)
[    0.000000] Built 1 zonelists, mobility grouping on.  Total pages: 257913
[    0.000000] Policy zone: DMA32
[    0.000000] Kernel command line: BOOT_IMAGE=/boot/vmlinuz-4.15.0-212-generic root=LABEL=cloudimg-rootfs ro console=tty1 console=ttyS0
[    0.000000] Memory: 982644K/1048120K available (12300K kernel code, 2477K rwdata, 4324K rodata, 2480K init, 2720K bss, 65476K reserved, 0K cma-reserved)
[    0.000000] SLUB: HWalign=64, Order=0-3, MinObjects=0, CPUs=2, Nodes=1
[    0.000000] ftrace: allocating 39508 entries in 155 pages
[    0.004000] Hierarchical RCU implementation.
[    0.004000] 	RCU restricting CPUs from NR_CPUS=8192 to nr_cpu_ids=2.
[    0.004000] 	Tasks RCU enabled.
[    0.004000] RCU: Adjusting geometry for rcu_fanout_leaf=16, nr_cpu_ids=2
[    0.004000] NR_IRQS: 524544, nr_irqs: 440, preallocated irqs: 16
[    0.004000] random: crng init done
[    0.004000] Console: colour VGA+ 80x25
[    0.004000] console [tty1] enabled
[    0.004000] console [ttyS0] enabled
[    0.004000] ACPI: Core revision 20170831
[    0.004000] ACPI: 2 ACPI AML tables successfully acquired and loaded
[    0.004000] APIC: Switch to symmetric I/O mode setup
[    0.004000] x2apic enabled
[    0.004000] Switched APIC routing to physical x2apic.
[    0.004000] ..TIMER: vector=0x30 apic1=0 pin1=2 apic2=-1 pin2=-1
[    0.004008] tsc: Detected 2111.998 MHz processor
[    0.005047] Calibrating delay loop (skipped) preset value.. 4223.99 BogoMIPS (lpj=8447992)
[    0.008006] pid_max: default: 32768 minimum: 301
[    0.009027] Security Framework initialized
[    0.009955] Yama: becoming mindful.
[    0.012055] AppArmor: AppArmor initialized
[    0.016062] Dentry cache hash table entries: 131072 (order: 8, 1048576 bytes)
[    0.018099] Inode-cache hash table entries: 65536 (order: 7, 524288 bytes)
[    0.019175] Mount-cache hash table entries: 2048 (order: 2, 16384 bytes)
[    0.020010] Mountpoint-cache hash table entries: 2048 (order: 2, 16384 bytes)
[    0.021917] Last level iTLB entries: 4KB 64, 2MB 8, 4MB 8
[    0.023028] Last level dTLB entries: 4KB 64, 2MB 0, 4MB 0, 1GB 4
[    0.024012] Spectre V1 : Mitigation: usercopy/swapgs barriers and __user pointer sanitization
[    0.026000] Spectre V2 : Mitigation: Retpolines
[    0.026956] Spectre V2 : Spectre v2 / SpectreRSB mitigation: Filling RSB on context switch
[    0.028004] Spectre V2 : Spectre v2 / SpectreRSB : Filling RSB on VMEXIT
[    0.029377] RETBleed: WARNING: Spectre v2 mitigation leaves CPU vulnerable to RETBleed attacks, data leaks possible!
[    0.032004] RETBleed: Vulnerable
[    0.032718] Speculative Store Bypass: Vulnerable
[    0.033964] TAA: Mitigation: TSX disabled
[    0.036003] MMIO Stale Data: Vulnerable: Clear CPU buffers attempted, no microcode
[    0.037612] SRBDS: Unknown: Dependent on hypervisor status
[    0.038954] Freeing SMP alternatives memory: 36K
[    0.150144] smpboot: CPU0: Intel(R) Core(TM) i7-8665U CPU @ 1.90GHz (family: 0x6, model: 0x8e, stepping: 0xc)
[    0.152000] Performance Events: unsupported p6 CPU model 142 no PMU driver, software events only.
[    0.152051] Hierarchical SRCU implementation.
[    0.153726] NMI watchdog: Perf event create on CPU 0 failed with -2
[    0.154979] NMI watchdog: Perf NMI watchdog permanently disabled
[    0.156066] smp: Bringing up secondary CPUs ...
[    0.157341] x86: Booting SMP configuration:
[    0.158266] .... node  #0, CPUs:      #1
[    0.004000] kvm-clock: cpu 1, msr 0:3ff44041, secondary cpu clock
[    0.163474] smp: Brought up 1 node, 2 CPUs
[    0.164012] smpboot: Max logical packages: 1
[    0.164984] smpboot: Total of 2 processors activated (8447.99 BogoMIPS)
[    0.166683] devtmpfs: initialized
[    0.168050] x86/mm: Memory block size: 128MB
[    0.169153] evm: security.selinux
[    0.170144] evm: security.SMACK64
[    0.171072] evm: security.SMACK64EXEC
[    0.172004] evm: security.SMACK64TRANSMUTE
[    0.172929] evm: security.SMACK64MMAP
[    0.173851] evm: security.apparmor
[    0.174672] evm: security.ima
[    0.175356] evm: security.capability
[    0.176100] clocksource: jiffies: mask: 0xffffffff max_cycles: 0xffffffff, max_idle_ns: 7645041785100000 ns
[    0.178379] futex hash table entries: 512 (order: 3, 32768 bytes)
[    0.180075] pinctrl core: initialized pinctrl subsystem
[    0.184118] RTC time: 16:48:19, date: 10/24/23
[    0.185726] NET: Registered protocol family 16
[    0.188102] audit: initializing netlink subsys (disabled)
[    0.189588] audit: type=2000 audit(1698166104.621:1): state=initialized audit_enabled=0 res=1
[    0.189588] cpuidle: using governor ladder
[    0.192009] cpuidle: using governor menu
[    0.192905] ACPI: bus type PCI registered
[    0.193999] acpiphp: ACPI Hot Plug PCI Controller Driver version: 0.5
[    0.195432] PCI: Using configuration type 1 for base access
[    0.197054] HugeTLB registered 2.00 MiB page size, pre-allocated 0 pages
[    0.200090] ACPI: Added _OSI(Module Device)
[    0.201207] ACPI: Added _OSI(Processor Device)
[    0.202296] ACPI: Added _OSI(3.0 _SCP Extensions)
[    0.204013] ACPI: Added _OSI(Processor Aggregator Device)
[    0.205202] ACPI: Added _OSI(Linux-Dell-Video)
[    0.206187] ACPI: Added _OSI(Linux-Lenovo-NV-HDMI-Audio)
[    0.207449] ACPI: Added _OSI(Linux-HPI-Hybrid-Graphics)
[    0.208371] ACPI: Executed 1 blocks of module-level executable AML code
[    0.215891] ACPI: Interpreter enabled
[    0.216019] ACPI: (supports S0 S5)
[    0.217231] ACPI: Using IOAPIC for interrupt routing
[    0.218654] PCI: Using host bridge windows from ACPI; if necessary, use "pci=nocrs" and report a bug
[    0.220230] ACPI: Enabled 2 GPEs in block 00 to 07
[    0.231908] ACPI: PCI Root Bridge [PCI0] (domain 0000 [bus 00-ff])
[    0.232013] acpi PNP0A03:00: _OSC: OS supports [ASPM ClockPM Segments MSI]
[    0.236408] acpi PNP0A03:00: _OSC: not requesting OS control; OS requires [ExtendedConfig ASPM ClockPM MSI]
[    0.238490] acpi PNP0A03:00: fail to add MMCONFIG information, can't access extended PCI configuration space under this bridge.
[    0.240562] PCI host bridge to bus 0000:00
[    0.244005] pci_bus 0000:00: root bus resource [io  0x0000-0x0cf7 window]
[    0.245912] pci_bus 0000:00: root bus resource [io  0x0d00-0xffff window]
[    0.247813] pci_bus 0000:00: root bus resource [mem 0x000a0000-0x000bffff window]
[    0.248006] pci_bus 0000:00: root bus resource [mem 0x40000000-0xfdffffff window]
[    0.249897] pci_bus 0000:00: root bus resource [bus 00-ff]
[    0.254735] pci 0000:00:01.1: legacy IDE quirk: reg 0x10: [io  0x01f0-0x01f7]
[    0.256004] pci 0000:00:01.1: legacy IDE quirk: reg 0x14: [io  0x03f6]
[    0.257742] pci 0000:00:01.1: legacy IDE quirk: reg 0x18: [io  0x0170-0x0177]
[    0.260007] pci 0000:00:01.1: legacy IDE quirk: reg 0x1c: [io  0x0376]
[    0.276849] pci 0000:00:07.0: quirk: [io  0x4000-0x403f] claimed by PIIX4 ACPI
[    0.278541] pci 0000:00:07.0: quirk: [io  0x4100-0x410f] claimed by PIIX4 SMB
[    0.286325] ACPI: PCI Interrupt Link [LNKA] (IRQs 5 9 10 *11)
[    0.288145] ACPI: PCI Interrupt Link [LNKB] (IRQs 5 9 *10 11)
[    0.290070] ACPI: PCI Interrupt Link [LNKC] (IRQs 5 *9 10 11)
[    0.292174] ACPI: PCI Interrupt Link [LNKD] (IRQs 5 9 10 *11)
[    0.293987] SCSI subsystem initialized
[    0.294910] pci 0000:00:02.0: vgaarb: setting as boot VGA device
[    0.294910] pci 0000:00:02.0: vgaarb: VGA device added: decodes=io+mem,owns=io+mem,locks=none
[    0.296017] pci 0000:00:02.0: vgaarb: bridge control possible
[    0.300014] vgaarb: loaded
[    0.300705] ACPI: bus type USB registered
[    0.301617] usbcore: registered new interface driver usbfs
[    0.302836] usbcore: registered new interface driver hub
[    0.304039] usbcore: registered new device driver usb
[    0.305275] EDAC MC: Ver: 3.0.0
[    0.305275] PCI: Using ACPI for IRQ routing
[    0.308194] NetLabel: Initializing
[    0.308780] NetLabel:  domain hash size = 128
[    0.309471] NetLabel:  protocols = UNLABELED CIPSOv4 CALIPSO
[    0.310371] NetLabel:  unlabeled traffic allowed by default
[    0.311272] clocksource: Switched to clocksource kvm-clock
[    0.331373] VFS: Disk quotas dquot_6.6.0
[    0.332956] VFS: Dquot-cache hash table entries: 512 (order 0, 4096 bytes)
[    0.335060] AppArmor: AppArmor Filesystem Enabled
[    0.336151] pnp: PnP ACPI init
[    0.338410] pnp: PnP ACPI: found 3 devices
[    0.350376] clocksource: acpi_pm: mask: 0xffffff max_cycles: 0xffffff, max_idle_ns: 2085701024 ns
[    0.353760] NET: Registered protocol family 2
[    0.355333] IP idents hash table entries: 16384 (order: 5, 131072 bytes)
[    0.360550] TCP established hash table entries: 8192 (order: 4, 65536 bytes)
[    0.363463] TCP bind hash table entries: 8192 (order: 5, 131072 bytes)
[    0.365052] TCP: Hash tables configured (established 8192 bind 8192)
[    0.366497] UDP hash table entries: 512 (order: 2, 16384 bytes)
[    0.367816] UDP-Lite hash table entries: 512 (order: 2, 16384 bytes)
[    0.369418] NET: Registered protocol family 1
[    0.370368] pci 0000:00:00.0: Limiting direct PCI/PCI transfers
[    0.371677] pci 0000:00:01.0: Activating ISA DMA hang workarounds
[    0.372700] pci 0000:00:02.0: Video device with shadowed ROM at [mem 0x000c0000-0x000dffff]
[    0.374275] Unpacking initramfs...
[    0.798421] Freeing initrd memory: 19528K
[    0.799530] clocksource: tsc: mask: 0xffffffffffffffff max_cycles: 0x1e71768ef8b, max_idle_ns: 440795218977 ns
[    0.801714] platform rtc_cmos: registered platform RTC device (no PNP device found)
[    0.803045] Scanning for low memory corruption every 60 seconds
[    0.804695] Initialise system trusted keyrings
[    0.805456] Key type blacklist registered
[    0.806208] workingset: timestamp_bits=36 max_order=18 bucket_order=0
[    0.808172] zbud: loaded
[    0.809274] squashfs: version 4.0 (2009/01/31) Phillip Lougher
[    0.810771] fuse init (API version 7.26)
[    0.813783] Key type asymmetric registered
[    0.814509] Asymmetric key parser 'x509' registered
[    0.815342] Block layer SCSI generic (bsg) driver version 0.4 loaded (major 246)
[    0.816663] io scheduler noop registered
[    0.817333] io scheduler deadline registered
[    0.818063] io scheduler cfq registered (default)
[    0.819110] ACPI: AC Adapter [AC] (on-line)
[    0.819867] input: Power Button as /devices/LNXSYSTM:00/LNXPWRBN:00/input/input0
[    0.821242] ACPI: Power Button [PWRF]
[    0.822190] input: Sleep Button as /devices/LNXSYSTM:00/LNXSLPBN:00/input/input1
[    0.824716] ACPI: Sleep Button [SLPF]
[    0.827145] ACPI: Battery Slot [BAT0] (battery present)
[    0.828221] Serial: 8250/16550 driver, 32 ports, IRQ sharing enabled
[    0.850050] 00:02: ttyS0 at I/O 0x3f8 (irq = 4, base_baud = 115200) is a 16550A
[    0.853942] Linux agpgart interface v0.103
[    0.860381] loop: module loaded
[    0.862410] scsi host0: ata_piix
[    0.863639] scsi host1: ata_piix
[    0.864387] ata1: PATA max UDMA/33 cmd 0x1f0 ctl 0x3f6 bmdma 0xd000 irq 14
[    0.865551] ata2: PATA max UDMA/33 cmd 0x170 ctl 0x376 bmdma 0xd008 irq 15
[    0.866855] tun: Universal TUN/TAP device driver, 1.6
[    0.867803] PPP generic driver version 2.4.2
[    0.868591] ehci_hcd: USB 2.0 'Enhanced' Host Controller (EHCI) Driver
[    0.870031] ehci-pci: EHCI PCI platform driver
[    0.871146] ehci-platform: EHCI generic platform driver
[    0.872436] ohci_hcd: USB 1.1 'Open' Host Controller (OHCI) Driver
[    0.873795] ohci-pci: OHCI PCI platform driver
[    0.874859] ohci-platform: OHCI generic platform driver
[    0.875976] uhci_hcd: USB Universal Host Controller Interface driver
[    0.877546] i8042: PNP: PS/2 Controller [PNP0303:PS2K,PNP0f03:PS2M] at 0x60,0x64 irq 1,12
[    0.880341] serio: i8042 KBD port at 0x60,0x64 irq 1
[    0.881510] serio: i8042 AUX port at 0x60,0x64 irq 12
[    0.882782] mousedev: PS/2 mouse device common for all mice
[    0.885139] input: AT Translated Set 2 keyboard as /devices/platform/i8042/serio0/input/input2
[    0.888492] rtc_cmos rtc_cmos: rtc core: registered rtc_cmos as rtc0
[    0.890220] rtc_cmos rtc_cmos: alarms up to one day, 114 bytes nvram
[    0.891601] i2c /dev entries driver
[    0.892539] device-mapper: uevent: version 1.0.3
[    0.894428] device-mapper: ioctl: 4.37.0-ioctl (2017-09-20) initialised: dm-devel@redhat.com
[    0.896342] ledtrig-cpu: registered to indicate activity on CPUs
[    0.898769] NET: Registered protocol family 10
[    0.904293] Segment Routing with IPv6
[    0.905018] NET: Registered protocol family 17
[    0.906177] Key type dns_resolver registered
[    0.907419] mce: Using 0 MCE banks
[    0.908612] RAS: Correctable Errors collector initialized.
[    0.910015] sched_clock: Marking stable (908562662, 0)->(1102929512, -194366850)
[    0.912468] registered taskstats version 1
[    0.913917] Loading compiled-in X.509 certificates
[    0.918043] Loaded X.509 cert 'Build time autogenerated kernel key: b5b26778eaa3ab3a4a6cee031137706e947d12ad'
[    0.920867] Loaded X.509 cert 'Canonical Ltd. Live Patch Signing: 14df34d1a87cf37625abec039ef2bf521249b969'
[    0.924618] Loaded X.509 cert 'Canonical Ltd. Kernel Module Signing: 88f752e560a1e0737e31163a466ad7b70a850c19'
[    0.926882] blacklist: Loading compiled-in revocation X.509 certificates
[    0.929195] Loaded X.509 cert 'Canonical Ltd. Secure Boot Signing: 61482aa2830d0ab2ad5af10b7250da9033ddcef0'
[    0.931470] Loaded X.509 cert 'Canonical Ltd. Secure Boot Signing (2017): 242ade75ac4a15e50d50c84b0d45ff3eae707a03'
[    0.934588] Loaded X.509 cert 'Canonical Ltd. Secure Boot Signing (ESM 2018): 365188c1d374d6b07c3c8f240f8ef722433d6a8b'
[    0.937106] Loaded X.509 cert 'Canonical Ltd. Secure Boot Signing (2019): c0746fd6c5da3ae827864651ad66ae47fe24b3e8'
[    0.939502] Loaded X.509 cert 'Canonical Ltd. Secure Boot Signing (2021 v1): a8d54bbb3825cfb94fa13c9f8a594a195c107b8d'
[    0.941945] Loaded X.509 cert 'Canonical Ltd. Secure Boot Signing (2021 v2): 4cf046892d6fd3c9a5b03f98d845f90851dc6a8c'
[    0.944577] Loaded X.509 cert 'Canonical Ltd. Secure Boot Signing (2021 v3): 100437bb6de6e469b581e61cd66bce3ef4ed53af'
[    0.946989] Loaded X.509 cert 'Canonical Ltd. Secure Boot Signing (Ubuntu Core 2019): c1d57b8f6b743f23ee41f4f7ee292f06eecadfb9'
[    0.949868] zswap: loaded using pool lzo/zbud
[    0.955016] Key type big_key registered
[    0.955931] Key type trusted registered
[    0.958520] Key type encrypted registered
[    0.959215] AppArmor: AppArmor sha1 policy hashing enabled
[    0.960393] ima: No TPM chip found, activating TPM-bypass! (rc=-19)
[    0.961855] ima: Allocated hash algorithm: sha1
[    0.963229] evm: HMAC attrs: 0x1
[    0.964339]   Magic number: 11:314:844
[    0.965656] rtc_cmos rtc_cmos: setting system clock to 2023-10-24 16:48:20 UTC (1698166100)
[    0.968775] BIOS EDD facility v0.16 2004-Jun-25, 0 devices found
[    0.970513] EDD information not available.
[    1.171293] Freeing unused kernel image memory: 2480K
[    1.184233] Write protecting the kernel read-only data: 20480k
[    1.186316] Freeing unused kernel image memory: 2008K
[    1.187989] Freeing unused kernel image memory: 1820K
[    1.198953] x86/mm: Checked W+X mappings: passed, no W+X pages found.
Loading, please wait...
starting version 237
[    1.270611] Fusion MPT base driver 3.04.20
[    1.271862] Copyright (c) 1999-2008 LSI Corporation
[    1.287902] e1000: Intel(R) PRO/1000 Network Driver - version 7.3.21-k8-NAPI
[    1.289767] e1000: Copyright (c) 1999-2006 Intel Corporation.
[    1.301009] AVX2 version of gcm_enc/dec engaged.
[    1.302409] AES CTR mode by8 optimization enabled
[    1.309491] Fusion MPT SPI Host driver 3.04.20
[    1.501821] input: ImExPS/2 Generic Explorer Mouse as /devices/platform/i8042/serio1/input/input4
[    1.713666] e1000 0000:00:03.0 eth0: (PCI:33MHz:32-bit) 02:3b:7b:b7:3b:2d
[    1.714858] e1000 0000:00:03.0 eth0: Intel(R) PRO/1000 Network Connection
[    1.717073] mptbase: ioc0: Initiating bringup
[    1.717300] e1000 0000:00:03.0 enp0s3: renamed from eth0
[    1.872633] ioc0: LSI53C1030 A0: Capabilities={Initiator}
[    2.114802] scsi host2: ioc0: LSI53C1030 A0, FwRev=00000000h, Ports=1, MaxQ=256, IRQ=20
[    2.284684] scsi 2:0:0:0: Direct-Access     VBOX     HARDDISK         1.0  PQ: 0 ANSI: 5
[    2.316799] scsi target2:0:0: Beginning Domain Validation
[    2.320456] scsi target2:0:0: Domain Validation skipping write tests
[    2.321771] scsi target2:0:0: Ending Domain Validation
[    2.322933] scsi target2:0:0: asynchronous
[    2.324590] scsi 2:0:1:0: Direct-Access     VBOX     HARDDISK         1.0  PQ: 0 ANSI: 5
[    2.356692] scsi target2:0:1: Beginning Domain Validation
[    2.360263] scsi target2:0:1: Domain Validation skipping write tests
[    2.361211] scsi target2:0:1: Ending Domain Validation
[    2.362274] scsi target2:0:1: asynchronous
[    2.367755] sd 2:0:0:0: Attached scsi generic sg0 type 0
[    2.368001] sd 2:0:0:0: [sda] 83886080 512-byte logical blocks: (42.9 GB/40.0 GiB)
[    2.371023] sd 2:0:0:0: [sda] Write Protect is off
[    2.371045] sd 2:0:1:0: Attached scsi generic sg1 type 0
[    2.373381] sd 2:0:1:0: [sdb] 20480 512-byte logical blocks: (10.5 MB/10.0 MiB)
[    2.374500] sd 2:0:0:0: [sda] Incomplete mode parameter data
[    2.375375] sd 2:0:0:0: [sda] Assuming drive cache: write through
[    2.376409] sd 2:0:1:0: [sdb] Write Protect is off
[    2.378474] sd 2:0:1:0: [sdb] Incomplete mode parameter data
[    2.379663] sd 2:0:1:0: [sdb] Assuming drive cache: write through
[    2.382065]  sda: sda1
[    2.383402] sd 2:0:1:0: [sdb] Attached SCSI disk
[    2.383413] sd 2:0:0:0: [sda] Attached SCSI disk
Begin: Loading essential drivers ... [    3.873447] raid6: sse2x1   gen()  6541 MB/s
[    3.920413] raid6: sse2x1   xor()  4594 MB/s
[    3.968161] raid6: sse2x2   gen()  7597 MB/s
[    4.016188] raid6: sse2x2   xor()  5456 MB/s
[    4.064289] raid6: sse2x4   gen() 10349 MB/s
[    4.112995] raid6: sse2x4   xor()  4898 MB/s
[    4.160055] raid6: avx2x1   gen() 11241 MB/s
[    4.208287] raid6: avx2x1   xor()  6996 MB/s
[    4.256017] raid6: avx2x2   gen() 14084 MB/s
[    4.304687] raid6: avx2x2   xor() 11388 MB/s
[    4.352558] raid6: avx2x4   gen() 16427 MB/s
[    4.400764] raid6: avx2x4   xor() 10102 MB/s
[    4.401816] raid6: using algorithm avx2x4 gen() 16427 MB/s
[    4.403050] raid6: .... xor() 10102 MB/s, rmw enabled
[    4.403855] raid6: using avx2x2 recovery algorithm
[    4.405817] xor: automatically using best checksumming function   avx       
[    4.407915] async_tx: api initialized (async)
done.
Begin: Running /scripts/init-premount ... done.
Begin: Mounting root file system ... Begin: Running /scripts/local-top ... done.
Begin: Running /scripts/local-premount ... [    4.449030] Btrfs loaded, crc32c=crc32c-intel
Scanning for Btrfs filesystems
done.
Warning: fsck not present, so skipping root file system
[    4.474241] EXT4-fs (sda1): mounted filesystem with ordered data mode. Opts: (null)
done.
Begin: Running /scripts/local-bottom ... done.
Begin: Running /scripts/init-bottom ... done.
[    4.613278] ip_tables: (C) 2000-2006 Netfilter Core Team
[    4.620674] systemd[1]: systemd 237 running in system mode. (+PAM +AUDIT +SELINUX +IMA +APPARMOR +SMACK +SYSVINIT +UTMP +LIBCRYPTSETUP +GCRYPT +GNUTLS +ACL +XZ +LZ4 +SECCOMP +BLKID +ELFUTILS +KMOD -IDN2 +IDN -PCRE2 default-hierarchy=hybrid)
[    4.624922] systemd[1]: Detected virtualization oracle.
[    4.626085] systemd[1]: Detected architecture x86-64.

Welcome to [1mUbuntu 18.04.6 LTS[0m!

[    4.632220] systemd[1]: Set hostname to <ubuntu>.
[    4.634955] systemd[1]: Initializing machine ID from random generator.
[    4.636699] systemd[1]: Installed transient /etc/machine-id file.
[    4.855887] systemd[1]: Started Forward Password Requests to Wall Directory Watch.
[[0;32m  OK  [0m] Started Forward Password Requests to Wall Directory Watch.
[    4.859684] systemd[1]: Created slice User and Session Slice.
[[0;32m  OK  [0m] Created slice User and Session Slice.
[    4.861351] systemd[1]: Created slice System Slice.
[[0;32m  OK  [0m] Created slice System Slice.
[    4.862649] systemd[1]: Listening on Device-mapper event daemon FIFOs.
[[0;32m  OK  [0m] Listening on Device-mapper event daemon FIFOs.
[[0;32m  OK  [0m] Set up automount Arbitrary Executab…rmats File System Automount Point.
[[0;32m  OK  [0m] Listening on udev Control Socket.
[[0;32m  OK  [0m] Created slice system-serial\x2dgetty.slice.
[[0;32m  OK  [0m] Reached target Slices.
[[0;32m  OK  [0m] Listening on Network Service Netlink Socket.
[[0;32m  OK  [0m] Listening on Journal Audit Socket.
[[0;32m  OK  [0m] Listening on Journal Socket.
         Mounting Huge Pages File System...
         Starting Set the console keyboard layout...
[[0;32m  OK  [0m] Listening on /dev/initctl Compatibility Named Pipe.
[[0;32m  OK  [0m] Reached target Swap.
         Mounting POSIX Message Queue File System...
[[0;32m  OK  [0m] Listening on Syslog Socket.
         Starting Uncomplicated firewall...
         Mounting Kernel Debug File System...
[[0;32m  OK  [0m] Listening on LVM2 poll daemon socket.
[[0;32m  OK  [0m] Reached target System Time Synchronized.
         Starting Create list of required st…ce nodes for the current kernel...
         Starting Load Kernel Modules...
[[0;32m  OK  [0m] Listening on LVM2 metadata daemon socket.
         Starting Monitoring of LVM2 mirrors…ng dmeventd or progress polling...
[[0;32m  OK  [0m] Reached target User and Group Name Lookups.
[[0;32m  OK  [0m] Listening on udev Kernel Socket.
         Starting udev Coldplug all Devices...
[    4.940234] Loading iSCSI transport class v2.0-870.
[[0;32m  OK  [0m] Reached target Mounting snaps.
[[0;32m  OK  [0m] Reached target Mounted snaps.
[    4.947930] iscsi: registered transport (tcp)
[[0;32m  OK  [0m] Listening on fsck to fsckd communication Socket.
         Starting File System Check on Root Device...
[[0;32m  OK  [0m] Listening on Journal Socket (/dev/log).
         Starting Journal Service...
[[0;32m  OK  [0m] Mounted Huge Pages File System.
[[0;32m  OK  [0m] Mounted POSIX Message Queue File System.
[[0;32m  OK  [0m] Started Uncomplicated firewall.
[[0;32m  OK  [0m] Mounted Kernel Debug File System.
[[0;32m  OK  [0m] Started Create list of required sta…vice nodes for the current kernel.
         Starting Create Static Device Nodes in /dev...
[[0;32m  OK  [0m] Started LVM2 metadata daemon.
[[0;32m  OK  [0m] Started File System Check Daemon to report status.
[    5.023653] iscsi: registered transport (iser)
[[0;32m  OK  [0m] Started Load Kernel Modules.
         Starting Apply Kernel Variables...
         Mounting FUSE Control File System...
         Mounting Kernel Configuration File System...
[[0;32m  OK  [0m] Mounted FUSE Control File System.
[[0;32m  OK  [0m] Mounted Kernel Configuration File System.
[[0;32m  OK  [0m] Started udev Coldplug all Devices.
[[0;32m  OK  [0m] Started Create Static Device Nodes in /dev.
[[0;32m  OK  [0m] Started Monitoring of LVM2 mirrors,…sing dmeventd or progress polling.
[[0;32m  OK  [0m] Started File System Check on Root Device.
[[0;32m  OK  [0m] Started Apply Kernel Variables.
         Starting Remount Root and Kernel File Systems...
[[0;32m  OK  [0m] Started Journal Service.
[[0;32m  OK  [0m] Started Remount Root and Kernel File Systems.
         Starting Load/Save Random Seed...
         Starting Flush Journal to Persistent Storage...
         Starting udev Kernel Device Manager...
[[0;32m  OK  [0m] Started Load/Save Random Seed.
[[0;32m  OK  [0m] Started udev Kernel Device Manager.
[[0;32m  OK  [0m] Started Flush Journal to Persistent Storage.
[[0;32m  OK  [0m] Found device /dev/ttyS0.
[[0;32m  OK  [0m] Listening on Load/Save RF Kill Switch Status /dev/rfkill Watch.
         Mounting Arbitrary Executable File Formats File System...
[[0;32m  OK  [0m] Mounted Arbitrary Executable File Formats File System.
[[0;32m  OK  [0m] Started Set the console keyboard layout.
[[0;32m  OK  [0m] Reached target Local File Systems (Pre).
[[0;32m  OK  [0m] Reached target Local File Systems.
         Starting Commit a transient machine-id on disk...
         Starting AppArmor initialization...
         Starting Set console font and keymap...
         Starting ebtables ruleset management...
         Starting Tell Plymouth To Write Out Runtime Data...
         Starting Create Volatile Files and Directories...
[[0;32m  OK  [0m] Started Dispatch Password Requests to Console Directory Watch.
[[0;32m  OK  [0m] Reached target Local Encrypted Volumes.
[[0;32m  OK  [0m] Started Commit a transient machine-id on disk.
[[0;32m  OK  [0m] Started Tell Plymouth To Write Out Runtime Data.
[[0;32m  OK  [0m] Started Create Volatile Files and Directories.
         Starting Update UTMP about System Boot/Shutdown...
[[0;32m  OK  [0m] Started Update UTMP about System Boot/Shutdown.
[[0;32m  OK  [0m] Started ebtables ruleset management.
[[0;32m  OK  [0m] Started AppArmor initialization.
         Starting Load AppArmor profiles managed internally by snapd...
         Starting Initial cloud-init job (pre-networking)...
[[0;32m  OK  [0m] Started Load AppArmor profiles managed internally by snapd.
[[0;32m  OK  [0m] Started Set console font and keymap.
[    8.899362] cloud-init[844]: Cloud-init v. 23.1.2-0ubuntu0~18.04.1 running 'init-local' at Tue, 24 Oct 2023 16:48:28 +0000. Up 8.52 seconds.
[[0;32m  OK  [0m] Started Initial cloud-init job (pre-networking).
[[0;32m  OK  [0m] Reached target Network (Pre).
         Starting Network Service...
[[0;32m  OK  [0m] Started Network Service.
         Starting Network Name Resolution...
         Starting Wait for Network to be Configured...
[[0;32m  OK  [0m] Started Network Name Resolution.
[[0;32m  OK  [0m] Reached target Host and Network Name Lookups.
[[0;32m  OK  [0m] Reached target Network.
[[0;32m  OK  [0m] Started Wait for Network to be Configured.
         Starting Initial cloud-init job (metadata service crawler)...
[   11.658829] cloud-init[973]: Cloud-init v. 23.1.2-0ubuntu0~18.04.1 running 'init' at Tue, 24 Oct 2023 16:48:30 +0000. Up 11.46 seconds.
[   11.668950] cloud-init[973]: ci-info: ++++++++++++++++++++++++++++++++++++++Net device info++++++++++++++++++++++++++++++++++++++
[   11.681392] cloud-init[973]: ci-info: +--------+------+----------------------------+---------------+--------+-------------------+
[   11.682351] cloud-init[973]: ci-info: | Device |  Up  |          Address           |      Mask     | Scope  |     Hw-Address    |
[   11.683341] cloud-init[973]: ci-info: +--------+------+----------------------------+---------------+--------+-------------------+
[   11.684669] cloud-init[973]: ci-info: | enp0s3 | True |         10.0.2.15          | 255.255.255.0 | global | 02:3b:7b:b7:3b:2d |
[   11.696420] cloud-init[973]: ci-info: | enp0s3 | True | fe80::3b:7bff:feb7:3b2d/64 |       .       |  link  | 02:3b:7b:b7:3b:2d |
[   11.697454] cloud-init[973]: ci-info: |   lo   | True |         127.0.0.1          |   255.0.0.0   |  host  |         .         |
[   11.698311] cloud-init[973]: ci-info: |   lo   | True |          ::1/128           |       .       |  host  |         .         |
[   11.699960] cloud-init[973]: ci-info: +--------+------+----------------------------+---------------+--------+-------------------+
[   11.701546] cloud-init[973]: ci-info: ++++++++++++++++++++++++++++Route IPv4 info+++++++++++++++++++++++++++++
[   11.702710] cloud-init[973]: ci-info: +-------+-------------+----------+-----------------+-----------+-------+
[   11.703451] cloud-init[973]: ci-info: | Route | Destination | Gateway  |     Genmask     | Interface | Flags |
[   11.716708] cloud-init[973]: ci-info: +-------+-------------+----------+-----------------+-----------+-------+
[   11.732165] cloud-init[973]: ci-info: |   0   |   0.0.0.0   | 10.0.2.2 |     0.0.0.0     |   enp0s3  |   UG  |
[   11.744300] cloud-init[973]: ci-info: |   1   |   10.0.2.0  | 0.0.0.0  |  255.255.255.0  |   enp0s3  |   U   |
[   11.756180] cloud-init[973]: ci-info: |   2   |   10.0.2.2  | 0.0.0.0  | 255.255.255.255 |   enp0s3  |   UH  |
[   11.768277] cloud-init[973]: ci-info: +-------+-------------+----------+-----------------+-----------+-------+
[   11.780359] cloud-init[973]: ci-info: +++++++++++++++++++Route IPv6 info+++++++++++++++++++
[   11.781233] cloud-init[973]: ci-info: +-------+-------------+---------+-----------+-------+
[   11.782366] cloud-init[973]: ci-info: | Route | Destination | Gateway | Interface | Flags |
[   11.782874] cloud-init[973]: ci-info: +-------+-------------+---------+-----------+-------+
[   11.783599] cloud-init[973]: ci-info: |   1   |  fe80::/64  |    ::   |   enp0s3  |   U   |
[   11.784502] cloud-init[973]: ci-info: |   3   |    local    |    ::   |   enp0s3  |   U   |
[   11.785331] cloud-init[973]: ci-info: |   4   |   ff00::/8  |    ::   |   enp0s3  |   U   |
[   11.786396] cloud-init[973]: ci-info: +-------+-------------+---------+-----------+-------+
[   12.428539] cloud-init[973]: Generating public/private rsa key pair.
[   12.440983] cloud-init[973]: Your identification has been saved in /etc/ssh/ssh_host_rsa_key.
[   12.441964] cloud-init[973]: Your public key has been saved in /etc/ssh/ssh_host_rsa_key.pub.
[   12.442970] cloud-init[973]: The key fingerprint is:
[   12.443602] cloud-init[973]: SHA256:4V8Nx3J1cgQ/GkKVh6vB0qd0VGe/Pti7SqGAWM6l0Cw root@ubuntu-bionic
[   12.444640] cloud-init[973]: The key's randomart image is:
[   12.445323] cloud-init[973]: +---[RSA 2048]----+
[   12.445938] cloud-init[973]: |           ...*+B|
[   12.446518] cloud-init[973]: |      o   .  = B+|
[   12.447087] cloud-init[973]: |     E +..o.+.*.o|
[   12.447719] cloud-init[973]: |      B.+o =.Xo o|
[   12.448359] cloud-init[973]: |     . =S.o Bo.. |
[   12.448981] cloud-init[973]: |         ..+. =  |
[   12.449610] cloud-init[973]: |          .. o + |
[   12.460588] cloud-init[973]: |            .   o|
[   12.472313] cloud-init[973]: |             ..o.|
[   12.485004] cloud-init[973]: +----[SHA256]-----+
[   12.485717] cloud-init[973]: Generating public/private dsa key pair.
[   12.486674] cloud-init[973]: Your identification has been saved in /etc/ssh/ssh_host_dsa_key.
[   12.487748] cloud-init[973]: Your public key has been saved in /etc/ssh/ssh_host_dsa_key.pub.
[   12.488975] cloud-init[973]: The key fingerprint is:
[   12.489720] cloud-init[973]: SHA256:voo1SR92wG06KIFeW0DHwR10XswpUxsP48MC1MdBti8 root@ubuntu-bionic
[   12.500651] cloud-init[973]: The key's randomart image is:
[[0;32m  OK  [0m] Started Initial cloud-init job (metadata service crawler).
[   12.512955] cloud-init[973]: +---[DSA 1024]----+
[   12.528612] cloud-init[973]: |   .ooo==o.*Xo   |
[[   12.529082] [0;32m  OK  [0mcloud-init] [973]: Reached target Network is Online.|   . oo..=+=*B   |

[   12.529828] cloud-init[973]: |  . o . o =+* .  |
[   12.530308] cloud-init[973]: | . . + . + . o   |
[   12.530391] cloud-init[973]: |  . o o S . E .  |
[   12.530522] cloud-init[973]: |     o = +   .   |
[   12.530661] cloud-init[973]: |      + o        |
[   12.531168] cloud-init[973]: |     o . .       |
[   12.531471] cloud-init[973]: |    . ...        |
[   12.532217] cloud-init[973]: +----[SHA256]-----+
[   12.532761] cloud-init[973]: Generating public/private ecdsa key pair.
[   12.533254] cloud-init[973]: Your identification has been saved in /etc/ssh/ssh_host_ecdsa_key.
[   12.533325] cloud-init[973]: Your public key has been saved in /etc/ssh/ssh_host_ecdsa_key.pub.
[[0;32m  OK  [0m[   12.533435] cloud-init[973]: The key fingerprint is:
[   12.536725] cloud-init[973]: SHA256:cSM79FcTRole3+49N3gBbXrizyvkvGkkaDxiHGrCAkY root@ubuntu-bionic
[   12.537199] cloud-init[973]: The key's randomart image is:
[   12.537566] cloud-init[973]: +---[ECDSA 256]---+
[   12.537963] cloud-init[973]: |             o+. |
] Reached target Remote File Systems (Pre).
[   12.538162] cloud-init[973]: | E          ..o. |
[[   12.541707] cloud-init[973]: |.       + o. .+..|
[   12.541779] cloud-init[973]: |..     o * ..o +o|
[   12.542158] cloud-init[973]: |o .   o S o . +. |
[   12.542741] cloud-init[973]: | . o o + * o = o.|
[   12.543097] cloud-init[973]: |  . o . o . B +.o|
[   12.543482] cloud-init[973]: |             Bo++|
[   12.543837] cloud-init[973]: |            .o=+=|
[   12.544422] cloud-init[973]: +----[SHA256]-----+
[   12.545007] cloud-init[973]: Generating public/private ed25519 key pair.
[   12.545341] cloud-init[973]: Your identification has been saved in /etc/ssh/ssh_host_ed25519_key.
[   12.545893] cloud-init[973]: Your public key has been saved in /etc/ssh/ssh_host_ed25519_key.pub.
[   12.546141] cloud-init[973]: The key fingerprint is:
[0;32m  OK  [0m] Reached target Remote File Systems.
[   12.546509] cloud-init[973]: SHA256:7/+x/mCu7lxsCfO09q2jbdqbSHhnL02CimM/h4d8UDA root@ubuntu-bionic
[   12.551984] cloud-init[973]: The key's randomart image is:
[   12.552912] cloud-init[973]: +--[ED25519 256]--+
[   12.553665] cloud-init[973]: |                 |
[   12.554432] cloud-init[973]: |          E      |
[   12.555087] cloud-init[973]: |           o     |
[   12.555887] cloud-init[973]: |            .    |
[   12.556614] cloud-init[973]: |        S  .o..  |
[   12.557340] cloud-init[973]: |         ....*.o.|
[   12.558072] cloud-init[973]: |         oo=o #+ |
[   12.558837] cloud-init[973]: |        +.*++%+Bo|
[   12.559588] cloud-init[973]: |       . ooOXB@*=|
[   12.565006] cloud-init[973]: +----[SHA256]-----+
         Starting Availability of block devices...
[[0;32m  OK  [0m] Reached target Cloud-config availability.
[[0;32m  OK  [0m] Reached target System Initialization.
[[0;32m  OK  [0m] Listening on cloud-init hotplug hook socket.
         Starting LXD - unix socket.
[[0;32m  OK  [0m] Listening on D-Bus System Message Bus Socket.
[[0;32m  OK  [0m] Listening on UUID daemon activation socket.
[[0;32m  OK  [0m] Started Ubuntu Advantage Timer for running repeated jobs.
[[0;32m  OK  [0m] Started Discard unused blocks once a week.
[[0;32m  OK  [0m] Listening on ACPID Listen Socket.
[[0;32m  OK  [0m] Started Message of the Day.
[[0;32m  OK  [0m] Started Daily Cleanup of Temporary Directories.
         Starting Socket activation for snappy daemon.
[[0;32m  OK  [0m] Started ACPI Events Check.
[[0;32m  OK  [0m] Reached target Paths.
[[0;32m  OK  [0m] Started Daily apt download activities.
[[0;32m  OK  [0m] Started Daily apt upgrade and clean activities.
[[0;32m  OK  [0m] Reached target Timers.
[[0;32m  OK  [0m] Listening on Open-iSCSI iscsid Socket.
[[0;32m  OK  [0m] Started Availability of block devices.
[[0;32m  OK  [0m] Listening on LXD - unix socket.
[[0;32m  OK  [0m] Listening on Socket activation for snappy daemon.
[[0;32m  OK  [0m] Reached target Sockets.
[[0;32m  OK  [0m] Reached target Basic System.
[[0;32m  OK  [0m] Started D-Bus System Message Bus.
         Starting Permit User Sessions...
         Starting Virtualbox guest utils...
[[0;32m  OK  [0m] Reached target Login Prompts (Pre).
         Starting Accounts Service...
         Starting LXD - container startup/shutdown...
         Starting Dispatcher daemon for systemd-networkd...
         Starting Pollinate to seed the pseudo random number generator...
         Starting Login Service...
[[0;32m  OK  [0m] Started Regular background program processing daemon.
         Starting System Logging Service...
[[0;32m  OK  [0m] Started irqbalance daemon.
[[0;32m  OK  [0m] Started Deferred execution scheduler.
         Starting LSB: Record successful boot for GRUB...
         Starting Snap Daemon...
         Starting LSB: automatic crash report generation...
[[0;32m  OK  [0m] Started FUSE filesystem for LXC.
[[0;32m  OK  [0m] Started System Logging Service.
[[0;32m  OK  [0m] Started Permit User Sessions.
[[0;32m  OK  [0m] Started LXD - container startup/shutdown.
[[0;32m  OK  [0m] Started Login Service.
[[0;32m  OK  [0m] Started Unattended Upgrades Shutdown.
         Starting Authorization Manager...
         Starting Terminate Plymouth Boot Screen...
         Starting Hold until boot process finishes up...
[[0;32m  OK  [0m] Started Hold until boot process finishes up.
[[0;32m  OK  [0m] Started Serial Getty on ttyS0.
         Starting Set console scheme...
[[0;32m  OK  [0m] Started Terminate Plymouth Boot Screen.
[[0;32m  OK  [0m] Started Set console scheme.
[[0;32m  OK  [0m] Created slice system-getty.slice.
[[0;32m  OK  [0m] Started Getty on tty1.
[[0;32m  OK  [0m] Reached target Login Prompts.
[[0;32m  OK  [0m] Started Dispatcher daemon for systemd-networkd.
[[0;32m  OK  [0m] Started LSB: automatic crash report generation.
[[0;32m  OK  [0m] Started Authorization Manager.
[[0;32m  OK  [0m] Started Accounts Service.
[[0;32m  OK  [0m] Started Virtualbox guest utils.
[[0;32m  OK  [0m] Started LSB: Record successful boot for GRUB.
[[0;32m  OK  [0m] Started Snap Daemon.
         Starting Wait until snapd is fully seeded...
         Starting Time & Date Service...
[[0;32m  OK  [0m] Started Time & Date Service.
[[0;32m  OK  [0m] Started Pollinate to seed the pseudo random number generator.
         Starting OpenBSD Secure Shell server...
[[0;32m  OK  [0m] Started OpenBSD Secure Shell server.
[[0;32m  OK  [0m] Created slice User Slice of vagrant.
         Starting User Manager for UID 1000...
[[0;32m  OK  [0m] Started Session 1 of user vagrant.
[[0;32m  OK  [0m] Started User Manager for UID 1000.
[[0;32m  OK  [0m] Started Wait until snapd is fully seeded.
         Starting Apply the settings specified in cloud-config...
[   17.877404] cloud-init[1576]: Cloud-init v. 23.1.2-0ubuntu0~18.04.1 running 'modules:config' at Tue, 24 Oct 2023 16:48:36 +0000. Up 17.42 seconds.
[[0;32m  OK  [0m] Started Apply the settings specified in cloud-config.
[[0;32m  OK  [0m] Reached target Multi-User System.
[[0;32m  OK  [0m] Reached target Graphical Interface.
         Starting Update UTMP about System Runlevel Changes...
         Starting Execute cloud user/final scripts...
[[0;32m  OK  [0m] Started Update UTMP about System Runlevel Changes.
ci-info: no authorized SSH keys fingerprints found for user ubuntu.
<14>Oct 24 16:48:38 cloud-init: #############################################################
<14>Oct 24 16:48:38 cloud-init: -----BEGIN SSH HOST KEY FINGERPRINTS-----
<14>Oct 24 16:48:38 cloud-init: 1024 SHA256:voo1SR92wG06KIFeW0DHwR10XswpUxsP48MC1MdBti8 root@ubuntu-bionic (DSA)
<14>Oct 24 16:48:38 cloud-init: 256 SHA256:cSM79FcTRole3+49N3gBbXrizyvkvGkkaDxiHGrCAkY root@ubuntu-bionic (ECDSA)
<14>Oct 24 16:48:38 cloud-init: 256 SHA256:7/+x/mCu7lxsCfO09q2jbdqbSHhnL02CimM/h4d8UDA root@ubuntu-bionic (ED25519)
<14>Oct 24 16:48:38 cloud-init: 2048 SHA256:4V8Nx3J1cgQ/GkKVh6vB0qd0VGe/Pti7SqGAWM6l0Cw root@ubuntu-bionic (RSA)
<14>Oct 24 16:48:38 cloud-init: -----END SSH HOST KEY FINGERPRINTS-----
<14>Oct 24 16:48:38 cloud-init: #############################################################
-----BEGIN SSH HOST KEY KEYS-----
ecdsa-sha2-nistp256 AAAAE2VjZHNhLXNoYTItbmlzdHAyNTYAAAAIbmlzdHAyNTYAAABBBKy3tFM3m2KWp4InW+5kbGYelq8sZa57G3lxZvIYO+5YfTkiYvE0quTF6wRFQ8dw/A/oSvWYoTSOc2oa5Pw9FCg= root@ubuntu-bionic
ssh-ed25519 AAAAC3NzaC1lZDI1NTE5AAAAIJzPEQcFj+jdtrO+uGHOuxLmcwRDts+iTrBELt72nhur root@ubuntu-bionic
ssh-rsa AAAAB3NzaC1yc2EAAAADAQABAAABAQDMbv4zSIXlkB8Uo4O1q5eoJ5XTnP5bwNRJDFAZNed8mAfLza771QuUFnE58wj6OF+qv6U6iAxCPlZUp8l6g00Pc+fFZtNHr6EHf++mt7z4KKbDDXjLpyBIqDsSpL5vx3XaIgAkfvvV5lLCouAGfenOxUuyYrVpUyUcKTSnA2j0PV48soY+O0xI96KDD6Uz6B+pBFm8jBUBkw4Fo1RtEs+3kfUEQ+1/jgU1Rqo6/jGwwvvXx5Wpk8zDOPl/Xt6oWPERYZ98se+NdkBDhCPCJ7cS+JVW8XtRCxwTY47JbJcUv7tHzVIYrlfLmNhN7BVFjD1GimZwRWYGpBjeZ2CDpxDJ root@ubuntu-bionic
-----END SSH HOST KEY KEYS-----
[   18.827770] cloud-init[1658]: Cloud-init v. 23.1.2-0ubuntu0~18.04.1 running 'modules:final' at Tue, 24 Oct 2023 16:48:38 +0000. Up 18.57 seconds.
[   18.827883] cloud-init[1658]: Cloud-init v. 23.1.2-0ubuntu0~18.04.1 finished at Tue, 24 Oct 2023 16:48:38 +0000. Datasource DataSourceNoCloud [seed=/dev/sdb][dsmode=net].  Up 18.81 seconds

Ubuntu 18.04.6 LTS ubuntu-bionic ttyS0

ubuntu-bionic login: [ 9306.215867] watchdog: BUG: soft lockup - CPU#1 stuck for 2391s! [apport:3167]
[ 9306.216603] INFO: rcu_sched detected stalls on CPUs/tasks:
[ 9306.218734] 	1-...!: (1 ticks this GP) idle=1c2/140000000000001/0 softirq=34806/34806 fqs=0 
[ 9306.218736] 	(detected by 0, t=91852 jiffies, g=19261, c=19260, q=29)
[ 9306.222183] rcu_sched kthread starved for 91852 jiffies! g19261 c19260 f0x0 RCU_GP_WAIT_FQS(3) ->state=0x402 ->cpu=0
[ 9306.226098] INFO: rcu_sched detected stalls on CPUs/tasks:
[ 9306.227016] 	(detected by 0, t=641610 jiffies, g=19261, c=19260, q=35)
[ 9306.228522] All QSes seen, last rcu_sched kthread activity 641610 (4297219254-4296577644), jiffies_till_next_fqs=1, root ->qsmask 0x0
[ 9306.232232] rcu_sched kthread starved for 641610 jiffies! g19261 c19260 f0x2 RCU_GP_WAIT_FQS(3) ->state=0x200 ->cpu=0
[25196.235710] watchdog: BUG: soft lockup - CPU#1 stuck for 3507s! [apport:3902]
[25196.235731] INFO: rcu_sched self-detected stall on CPU
[25196.240496] INFO: rcu_sched detected stalls on CPUs/tasks:
[25196.240510] 	0-...!: (1 ticks this GP) idle=046/140000000000001/0 softirq=527540/527540 fqs=0 
[25196.240511] 	(detected by 1, t=392158 jiffies, g=59842, c=59841, q=18)
[25196.241567] rcu_sched kthread starved for 392158 jiffies! g59842 c59841 f0x0 RCU_GP_WAIT_FQS(3) ->state=0x402 ->cpu=1
[25196.242511] 	0-...!: (1 ticks this GP) idle=046/140000000000001/0 softirq=527540/527540 fqs=0 
[25196.244764] 	 (t=392158 jiffies g=59842 c=59841 q=18)
[25196.250075] rcu_sched kthread starved for 392158 jiffies! g59842 c59841 f0x0 RCU_GP_WAIT_FQS(3) ->state=0x402 ->cpu=1
[25196.257080] INFO: rcu_sched self-detected stall on CPU
[25196.258339] INFO: rcu_sched detected stalls on CPUs/tasks:
[25196.259231] 	0-...!: (2 ticks this GP) idle=046/140000000000001/0 softirq=527540/527540 fqs=0 
[25196.266726] 	 (t=941919 jiffies g=59842 c=59841 q=69)
[25196.266760] 	0-...!: (2 ticks this GP) idle=046/140000000000001/0 softirq=527540/527540 fqs=0 
[25196.268201] rcu_sched kthread starved for 941919 jiffies! g59842 c59841 f0x2 RCU_GP_WAIT_FQS(3) ->state=0x0 ->cpu=1
[25196.272188] 	(detected by 1, t=941919 jiffies, g=59842, c=59841, q=69)
[25196.278648] rcu_sched kthread starved for 941919 jiffies! g59842 c59841 f0x2 RCU_GP_WAIT_FQS(3) ->state=0x0 ->cpu=1
[28910.519320] INFO: rcu_sched self-detected stall on CPU
[28910.519322] INFO: rcu_sched self-detected stall on CPU
[28910.519327] 	1-...!: (1 ticks this GP) idle=24e/140000000000001/0 softirq=85195/85195 fqs=0 
[28910.525520] 	 (t=379231 jiffies g=59861 c=59860 q=9)
[28910.525557] 	0-...!: (1 GPs behind) idle=046/140000000000001/0 softirq=527608/527609 fqs=0 
[28910.526427] rcu_sched kthread starved for 379231 jiffies! g59861 c59860 f0x0 RCU_GP_WAIT_FQS(3) ->state=0x402 ->cpu=1
[28910.529659] 	 (t=379231 jiffies g=59861 c=59860 q=9)
[28910.532394] rcu_sched kthread starved for 379231 jiffies! g59861 c59860 f0x0 RCU_GP_WAIT_FQS(3) ->state=0x402 ->cpu=1
[28910.541079] INFO: rcu_sched self-detected stall on CPU
[28910.541082] INFO: rcu_sched self-detected stall on CPU
[28910.542763] 	0-...!: (1 GPs behind) idle=046/140000000000001/0 softirq=527608/527609 fqs=0 
[28910.545574] 	 (t=928993 jiffies g=59861 c=59860 q=9)
[28910.545598] 	1-...!: (2 ticks this GP) idle=24e/140000000000001/0 softirq=85195/85195 fqs=0 
[28910.546493] rcu_sched kthread starved for 928993 jiffies! g59861 c59860 f0x0 RCU_GP_WAIT_FQS(3) ->state=0x0 ->cpu=1
[28910.547950] 	 (t=928993 jiffies g=59861 c=59860 q=9)
[28910.550568] rcu_sched kthread starved for 928993 jiffies! g59861 c59860 f0x0 RCU_GP_WAIT_FQS(3) ->state=0x0 ->cpu=1
[32570.466597] INFO: rcu_sched self-detected stall on CPU
[32570.466653] INFO: rcu_sched detected stalls on CPUs/tasks:
[32570.467545] 	1-...!: (1 GPs behind) idle=24e/140000000000001/0 softirq=85671/85745 fqs=0 
[32570.470888] 	1-...!: (1 GPs behind) idle=24e/140000000000001/0 softirq=85671/85745 fqs=0 
[32570.470936] 	 (t=365636 jiffies g=59892 c=59891 q=188)
[32570.472270] 	(detected by 0, t=365636 jiffies, g=59892, c=59891, q=188)
[32570.474398] rcu_sched kthread starved for 365636 jiffies! g59892 c59891 f0x0 RCU_GP_WAIT_FQS(3) ->state=0x402 ->cpu=0
[32570.477587] rcu_sched kthread starved for 365636 jiffies! g59892 c59891 f0x0 RCU_GP_WAIT_FQS(3) ->state=0x402 ->cpu=0
[32570.486653] INFO: rcu_sched detected stalls on CPUs/tasks:
[32570.487715] 	1-...!: (0 ticks this GP) idle=24e/140000000000000/0 softirq=85746/85746 fqs=0 
[32570.489444] 	(detected by 0, t=915396 jiffies, g=59892, c=59891, q=189)
[32570.490646] rcu_sched kthread starved for 915396 jiffies! g59892 c59891 f0x2 RCU_GP_WAIT_FQS(3) ->state=0x200 ->cpu=0
[39062.197044] INFO: rcu_sched self-detected stall on CPU
[39062.197104] INFO: rcu_sched detected stalls on CPUs/tasks:
[39062.198229] 	1-...!: (1 ticks this GP) idle=24e/140000000000001/0 softirq=86458/86458 fqs=0 
[39062.202932] 	1-...!: (1 ticks this GP) idle=24e/140000000000001/0 softirq=86458/86458 fqs=0 
[39062.203420] 	 (t=524156 jiffies g=59945 c=59944 q=506)
[39062.204390] 	(detected by 0, t=524156 jiffies, g=59945, c=59944, q=506)
[39062.212448] rcu_sched kthread starved for 524156 jiffies! g59945 c59944 f0x0 RCU_GP_WAIT_FQS(3) ->state=0x402 ->cpu=0
[39062.212906] rcu_sched kthread starved for 524156 jiffies! g59945 c59944 f0x0 RCU_GP_WAIT_FQS(3) ->state=0x402 ->cpu=0
[39062.220814] INFO: rcu_sched detected stalls on CPUs/tasks:
[39062.220818] 	1-...!: (1 ticks this GP) idle=24e/140000000000001/0 softirq=86458/86458 fqs=0 
[39062.220818] 	(detected by 0, t=1623673 jiffies, g=59945, c=59944, q=506)
[39062.221865] rcu_sched kthread starved for 1623673 jiffies! g59945 c59944 f0x2 RCU_GP_WAIT_FQS(3) ->state=0x0 ->cpu=0
[40596.659116] INFO: rcu_sched self-detected stall on CPU
[40596.660105] 	0-...!: (1 ticks this GP) idle=046/140000000000001/0 softirq=528365/528365 fqs=0 
[40596.661030] INFO: rcu_sched self-detected stall on CPU
[40596.661601] 	 (t=383531 jiffies g=59989 c=59988 q=35)
[40596.662616] 	1-...!: (1 ticks this GP) idle=24e/140000000000001/0 softirq=86710/86710 fqs=0 
[40596.663492] rcu_sched kthread starved for 383531 jiffies! g59989 c59988 f0x0 RCU_GP_WAIT_FQS(3) ->state=0x402 ->cpu=0
[40596.664842] 	 (t=383531 jiffies g=59989 c=59988 q=35)
[40596.669297] rcu_sched kthread starved for 383531 jiffies! g59989 c59988 f0x0 RCU_GP_WAIT_FQS(3) ->state=0x402 ->cpu=0
[43326.244969] INFO: rcu_sched self-detected stall on CPU
[43326.244999] INFO: rcu_sched self-detected stall on CPU
[43326.247009] 	1-...!: (1 GPs behind) idle=24e/140000000000001/0 softirq=87286/87287 fqs=0 
[43326.273417] 	
[43326.273422] 	0-...!: (1 ticks this GP) idle=12e/140000000000001/0 softirq=528501/528501 fqs=0 
[43326.273426] rcu_sched kthread starved for 132234 jiffies! g60032 c60031 f0x0 RCU_GP_WAIT_FQS(3) ->state=0x402 ->cpu=0
[43326.273824] 	 (t=132234 jiffies g=60032 c=60031 q=1067)
[43326.284352] rcu_sched kthread starved for 132234 jiffies! g60032 c60031 f0x0 RCU_GP_WAIT_FQS(3) ->state=0x402 ->cpu=0
[43326.290780] INFO: rcu_sched self-detected stall on CPU
[43326.291854] 	0-...!: (2 ticks this GP) idle=12e/140000000000001/0 softirq=528501/528501 fqs=0 
[43326.293772] 	 (t=682002 jiffies g=60032 c=60031 q=1075)
[43326.294954] rcu_sched kthread starved for 682002 jiffies! g60032 c60031 f0x0 RCU_GP_WAIT_FQS(3) ->state=0x0 ->cpu=0
[43326.294957] INFO: rcu_sched self-detected stall on CPU
[43326.302340] 	1-...!: (1 ticks this GP) idle=24e/140000000000001/0 softirq=87288/87288 fqs=1 
[43326.304368] 	 (t=682005 jiffies g=60032 c=60031 q=1112)
[55017.833160] INFO: rcu_sched self-detected stall on CPU
[55017.834420] 	0-...!: (1 ticks this GP) idle=996/140000000000001/0 softirq=529913/529915 fqs=0 
[55017.838516] 	
[55017.838518] INFO: rcu_sched detected stalls on CPUs/tasks:
[55017.838524] rcu_sched kthread starved for 193609 jiffies! g60492 c60491 f0x0 RCU_GP_WAIT_FQS(3) ->state=0x402 ->cpu=1
[55017.838882] 	0-...!: (1 ticks this GP) idle=996/140000000000001/0 softirq=529913/529915 fqs=0 
[55017.841841] 	(detected by 1, t=193609 jiffies, g=60492, c=60491, q=53)
[55017.845826] rcu_sched kthread starved for 193609 jiffies! g60492 c60491 f0x0 RCU_GP_WAIT_FQS(3) ->state=0x200 ->cpu=1
[55389.680822] INFO: rcu_sched self-detected stall on CPU
[55389.681207] INFO: rcu_sched detected stalls on CPUs/tasks:
[55389.681955] 	0-...!: (1 GPs behind) idle=996/140000000000001/0 softirq=530173/530174 fqs=0 
[55389.693787] 	 (t=92933 jiffies g=60536 c=60535 q=48)
[55389.693811] 	0-...!: (1 GPs behind) idle=996/140000000000001/0 softirq=530173/530174 fqs=0 
[55389.695272] rcu_sched kthread starved for 92933 jiffies! g60536 c60535 f0x0 RCU_GP_WAIT_FQS(3) ->state=0x402 ->cpu=1
[55389.697671] 	(detected by 1, t=92933 jiffies, g=60536, c=60535, q=48)
[55389.698706] rcu_sched kthread starved for 92933 jiffies! g60536 c60535 f0x0 RCU_GP_WAIT_FQS(3) ->state=0x402 ->cpu=1
[122701.760698] INFO: rcu_sched self-detected stall on CPU
[122701.762478] 	1-...!: (1 ticks this GP) idle=076/1/0 softirq=424782/424782 fqs=0 
[122701.768406] 	 (t=4514501 jiffies g=457133 c=457132 q=0)
[122701.771369] rcu_sched kthread starved for 4514501 jiffies! g457133 c457132 f0x0 RCU_GP_WAIT_FQS(3) ->state=0x402 ->cpu=1
[128089.094630] watchdog: BUG: soft lockup - CPU#0 stuck for 5018s! [apt-get:14224]
[128089.094691] INFO: rcu_sched self-detected stall on CPU
[128089.097969] 	1-...!: (1 GPs behind) idle=07a/140000000000001/0 softirq=425105/425108 fqs=0 
[128089.099484] 	
[128089.099492] rcu_sched kthread starved for 247882 jiffies! g457190 c457189 f0x0 RCU_GP_WAIT_FQS(3) ->state=0x402 ->cpu=0
[128089.101699] INFO: rcu_sched self-detected stall on CPU
[128089.103433] INFO: rcu_sched detected stalls on CPUs/tasks:
[128089.104005] 	1-...!: (1 GPs behind) idle=07a/140000000000001/0 softirq=425105/425108 fqs=0 
[128089.107674] 	 (t=1347395 jiffies g=457190 c=457189 q=120)
[128089.107690] 	1-...!: (1 GPs behind) idle=07a/140000000000001/0 softirq=425105/425108 fqs=0 
[128089.108605] rcu_sched kthread starved for 1347395 jiffies! g457190 c457189 f0x0 RCU_GP_WAIT_FQS(3) ->state=0x200 ->cpu=0
[128089.110044] 	(detected by 0, t=1347395 jiffies, g=457190, c=457189, q=120)
[128089.114013] rcu_sched kthread starved for 1347395 jiffies! g457190 c457189 f0x0 RCU_GP_WAIT_FQS(3) ->state=0x200 ->cpu=0
[133902.540035] INFO: rcu_sched detected stalls on CPUs/tasks:
[133902.540103] watchdog: BUG: soft lockup - CPU#1 stuck for 5414s! [python3:14246]
[133902.541328] 	1-...!: (1 ticks this GP) idle=07a/140000000000001/0 softirq=425607/425607 fqs=0 
[133902.548547] 	
[133902.562275] INFO: rcu_sched self-detected stall on CPU
[133902.567507] 	1-...!: (2 ticks this GP) idle=07a/140000000000001/0 softirq=425607/425607 fqs=0 
[133902.567509] rcu_sched kthread starved for 1453987 jiffies! g457253 c457252 f0x0 RCU_GP_WAIT_FQS(3) ->state=0x402 ->cpu=0
[133902.569571] 	 (t=1453987 jiffies g=457253 c=457252 q=8)
[133902.577364] rcu_sched kthread starved for 1453987 jiffies! g457253 c457252 f0x0 RCU_GP_WAIT_FQS(3) ->state=0x402 ->cpu=0
[137859.515365] INFO: rcu_sched detected stalls on CPUs/tasks:
[137859.516477] 	(detected by 1, t=302532 jiffies, g=457884, c=457883, q=576)
[137859.517011] INFO: task jbd2/sda1-8:329 blocked for more than 120 seconds.
[137859.517662] All QSes seen, last rcu_sched kthread activity 302532 (4329353396-4329050864), jiffies_till_next_fqs=1, root ->qsmask 0x0
[137859.517708] rcu_sched kthread starved for 302532 jiffies! g457884 c457883 f0x2 RCU_GP_WAIT_FQS(3) ->state=0x200 ->cpu=1
[137859.536430]       Tainted: G             L   4.15.0-212-generic #223-Ubuntu
[137859.538693] "echo 0 > /proc/sys/kernel/hung_task_timeout_secs" disables this message.
[137859.540182] INFO: task systemd-journal:420 blocked for more than 120 seconds.
[137859.542420]       Tainted: G             L   4.15.0-212-generic #223-Ubuntu
[137859.544216] "echo 0 > /proc/sys/kernel/hung_task_timeout_secs" disables this message.
[137859.545623] INFO: task kworker/u4:3:14270 blocked for more than 120 seconds.
[137859.547620]       Tainted: G             L   4.15.0-212-generic #223-Ubuntu
[137859.550478] "echo 0 > /proc/sys/kernel/hung_task_timeout_secs" disables this message.
